<?xml version="1.0" encoding="UTF-8"?>
<testng-results ignored="0" total="1" passed="1" failed="0" skipped="0">
  <reporter-output>
  </reporter-output>
  <suite started-at="2022-09-26T16:29:52 IST" name="Default suite" finished-at="2022-09-26T16:30:15 IST" duration-ms="23453">
    <groups>
    </groups>
    <test started-at="2022-09-26T16:29:52 IST" name="Default test" finished-at="2022-09-26T16:30:15 IST" duration-ms="23453">
      <class name="vilcartAutomation.CreateSKU">
        <test-method is-config="true" signature="beforeTest()[pri:0, instance:vilcartAutomation.CreateSKU@79924b]" started-at="2022-09-26T16:29:52 IST" name="beforeTest" finished-at="2022-09-26T16:30:13 IST" duration-ms="21500" status="PASS">
          <reporter-output>
          </reporter-output>
        </test-method> <!-- beforeTest -->
        <test-method signature="f()[pri:0, instance:vilcartAutomation.CreateSKU@79924b]" started-at="2022-09-26T16:30:13 IST" name="f" finished-at="2022-09-26T16:30:15 IST" duration-ms="1888" status="PASS">
          <reporter-output>
          </reporter-output>
        </test-method> <!-- f -->
        <test-method is-config="true" signature="afterTest()[pri:0, instance:vilcartAutomation.CreateSKU@79924b]" started-at="2022-09-26T16:30:15 IST" name="afterTest" finished-at="2022-09-26T16:30:15 IST" duration-ms="1" status="PASS">
          <reporter-output>
          </reporter-output>
        </test-method> <!-- afterTest -->
      </class> <!-- vilcartAutomation.CreateSKU -->
    </test> <!-- Default test -->
  </suite> <!-- Default suite -->
</testng-results>
